2023.01.11 07:52:35 INFO  tracing is disabled for protocol LSP, to enable tracing of incoming and outgoing JSON messages create an empty file at /workspaces/playground/.metals/lsp.trace.json or /home/vscode/.cache/metals/lsp.trace.json
2023.01.11 07:52:35 INFO  logging to file /workspaces/playground/.metals/metals.log
2023.01.11 07:52:35 INFO  Started: Metals version 0.11.10 in workspace '/workspaces/playground' for client Visual Studio Code - Insiders 1.75.0-insider.
SLF4J: No SLF4J providers were found.
SLF4J: Defaulting to no-operation (NOP) logger implementation
SLF4J: See https://www.slf4j.org/codes.html#noProviders for further details.
SLF4J: Class path contains SLF4J bindings targeting slf4j-api versions 1.7.x or earlier.
SLF4J: Ignoring binding found at [jar:file:/home/vscode/.cache/coursier/v1/https/repo1.maven.org/maven2/com/outr/scribe-slf4j_2.13/3.10.5/scribe-slf4j_2.13-3.10.5.jar!/org/slf4j/impl/StaticLoggerBinder.class]
SLF4J: See https://www.slf4j.org/codes.html#ignoredBindings for an explanation.
2023.01.11 07:52:38 INFO  time: initialize in 3.2s
2023.01.11 07:52:40 WARN  Build server is not auto-connectable.
2023.01.11 07:52:40 WARN  no build tool detected in workspace '/workspaces/playground'. The most common cause for this problem is that the editor was opened in the wrong working directory, for example if you use sbt then the workspace directory should contain build.sbt. 
2023.01.11 07:52:40 WARN  no build target for: /workspaces/playground/wasm-latency/index.java
2023.01.11 07:52:46 WARN  no build target for: /workspaces/playground/wasm-latency/index.java
2023.01.11 07:52:47 WARN  Running javac-semanticdb failed for file:///workspaces/playground/wasm-latency/index.java. Output:
/workspaces/playground/wasm-latency/index.java:1: error: reached end of file while parsing
class
     ^
1 error
2023.01.11 07:53:15 WARN  no build target for: /workspaces/playground/wasm-latency/index.java
2023.01.11 07:53:16 WARN  Running javac-semanticdb failed for file:///workspaces/playground/wasm-latency/index.java. Output:
/workspaces/playground/wasm-latency/index.java:4: error: reached end of file while parsing
  }
   ^
1 error
2023.01.11 07:53:23 WARN  no build target for: /workspaces/playground/wasm-latency/index.java
Jan 11, 2023 7:53:44 AM org.eclipse.lsp4j.jsonrpc.RemoteEndpoint handleCancellation
WARNING: Unmatched cancel notification for request id 67
2023.01.11 07:54:11 WARN  no build target for: /workspaces/playground/wasm-latency/index.java
Jan 11, 2023 7:54:19 AM org.eclipse.lsp4j.jsonrpc.RemoteEndpoint handleCancellation
WARNING: Unmatched cancel notification for request id 129
Jan 11, 2023 7:54:19 AM org.eclipse.lsp4j.jsonrpc.RemoteEndpoint handleCancellation
WARNING: Unmatched cancel notification for request id 131
Jan 11, 2023 7:54:21 AM org.eclipse.lsp4j.jsonrpc.RemoteEndpoint handleCancellation
WARNING: Unmatched cancel notification for request id 150
2023.01.11 07:54:22 WARN  no build target for: /workspaces/playground/wasm-latency/index.java
2023.01.11 07:55:16 WARN  no build target for: /workspaces/playground/wasm-latency/index.java
2023.01.11 07:55:16 WARN  Running javac-semanticdb failed for file:///workspaces/playground/wasm-latency/index.java. Output:
/workspaces/playground/wasm-latency/index.java:8: error: ';' expected
val wasmBinary1 = Files.readAllBytes(Path.of("./src/main/wasm/dummy1.opt.wasm"))
                                                                                ^
/workspaces/playground/wasm-latency/index.java:9: error: ';' expected
    val wasmSource1 = Source.newBuilder("wasm", ByteSequence.create(wasmBinary1), "dummy1.wasm").build()
                                                                                                        ^
2 errors
Jan 11, 2023 7:55:23 AM org.eclipse.lsp4j.jsonrpc.RemoteEndpoint handleCancellation
WARNING: Unmatched cancel notification for request id 213
Jan 11, 2023 7:55:23 AM org.eclipse.lsp4j.jsonrpc.RemoteEndpoint handleCancellation
WARNING: Unmatched cancel notification for request id 215
Jan 11, 2023 7:55:33 AM org.eclipse.lsp4j.jsonrpc.RemoteEndpoint handleCancellation
WARNING: Unmatched cancel notification for request id 281
Jan 11, 2023 7:55:35 AM org.eclipse.lsp4j.jsonrpc.RemoteEndpoint handleCancellation
WARNING: Unmatched cancel notification for request id 310
Jan 11, 2023 7:55:35 AM org.eclipse.lsp4j.jsonrpc.RemoteEndpoint handleCancellation
WARNING: Unmatched cancel notification for request id 311
Jan 11, 2023 7:55:35 AM org.eclipse.lsp4j.jsonrpc.RemoteEndpoint handleCancellation
WARNING: Unmatched cancel notification for request id 312
Jan 11, 2023 7:55:35 AM org.eclipse.lsp4j.jsonrpc.RemoteEndpoint handleCancellation
WARNING: Unmatched cancel notification for request id 314
Jan 11, 2023 7:55:38 AM org.eclipse.lsp4j.jsonrpc.RemoteEndpoint handleCancellation
WARNING: Unmatched cancel notification for request id 325
Jan 11, 2023 7:55:40 AM org.eclipse.lsp4j.jsonrpc.RemoteEndpoint handleCancellation
WARNING: Unmatched cancel notification for request id 347
2023.01.11 07:55:44 WARN  no build target for: /workspaces/playground/wasm-latency/index.java
2023.01.11 07:55:44 WARN  Running javac-semanticdb failed for file:///workspaces/playground/wasm-latency/index.java. Output:
/workspaces/playground/wasm-latency/index.java:8: error: ';' expected
        var noop = Files.readAllBytes(Path.of("noop.wasm"))
                                                           ^
/workspaces/playground/wasm-latency/index.java:9: error: ';' expected
    val wasmSource1 = Source.newBuilder("wasm", ByteSequence.create(wasmBinary1), "dummy1.wasm").build()
                                                                                                        ^
2 errors
2023.01.11 07:55:45 WARN  no build target for: /workspaces/playground/wasm-latency/index.java
2023.01.11 07:55:46 WARN  Running javac-semanticdb failed for file:///workspaces/playground/wasm-latency/index.java. Output:
/workspaces/playground/wasm-latency/index.java:8: error: ';' expected
        var noop = Files.readAllBytes(Path.of("./noop.wasm"))
                                                             ^
/workspaces/playground/wasm-latency/index.java:9: error: ';' expected
    val wasmSource1 = Source.newBuilder("wasm", ByteSequence.create(wasmBinary1), "dummy1.wasm").build()
                                                                                                        ^
2 errors
Jan 11, 2023 7:55:59 AM org.eclipse.lsp4j.jsonrpc.RemoteEndpoint handleCancellation
WARNING: Unmatched cancel notification for request id 441
Jan 11, 2023 7:56:01 AM org.eclipse.lsp4j.jsonrpc.RemoteEndpoint handleCancellation
WARNING: Unmatched cancel notification for request id 462
Jan 11, 2023 7:56:01 AM org.eclipse.lsp4j.jsonrpc.RemoteEndpoint handleCancellation
WARNING: Unmatched cancel notification for request id 464
Jan 11, 2023 7:56:01 AM org.eclipse.lsp4j.jsonrpc.RemoteEndpoint handleCancellation
WARNING: Unmatched cancel notification for request id 465
Jan 11, 2023 7:56:01 AM org.eclipse.lsp4j.jsonrpc.RemoteEndpoint handleCancellation
WARNING: Unmatched cancel notification for request id 467
Jan 11, 2023 7:56:01 AM org.eclipse.lsp4j.jsonrpc.RemoteEndpoint handleCancellation
WARNING: Unmatched cancel notification for request id 469
Jan 11, 2023 7:56:01 AM org.eclipse.lsp4j.jsonrpc.RemoteEndpoint handleCancellation
WARNING: Unmatched cancel notification for request id 470
Jan 11, 2023 7:56:11 AM org.eclipse.lsp4j.jsonrpc.RemoteEndpoint handleCancellation
WARNING: Unmatched cancel notification for request id 558
Jan 11, 2023 7:56:20 AM org.eclipse.lsp4j.jsonrpc.RemoteEndpoint handleCancellation
WARNING: Unmatched cancel notification for request id 604
Jan 11, 2023 7:56:30 AM org.eclipse.lsp4j.jsonrpc.RemoteEndpoint handleCancellation
WARNING: Unmatched cancel notification for request id 627
2023.01.11 07:56:33 WARN  no build target for: /workspaces/playground/wasm-latency/index.java
2023.01.11 07:57:00 WARN  no build target for: /workspaces/playground/wasm-latency/index.java
2023.01.11 07:57:07 WARN  no build target for: /workspaces/playground/wasm-latency/index.java
2023.01.11 07:57:18 WARN  no build target for: /workspaces/playground/wasm-latency/index.java
2023.01.11 07:57:49 WARN  Cannot tokenize Java file file:///workspaces/playground/wasm-latency/index.javaorg.eclipse.jdt.core.compiler.InvalidInputException: Invalid_Char_In_String
	at org.eclipse.jdt.internal.core.util.PublicScanner.getNextToken(PublicScanner.java:1564)
	at scala.meta.internal.parsing.JavaTokens$.loop$1(JavaTokens.scala:71)
	at scala.meta.internal.parsing.JavaTokens$.$anonfun$tokenize$1(JavaTokens.scala:75)
	at scala.util.Try$.apply(Try.scala:210)
	at scala.meta.internal.parsing.JavaTokens$.tokenize(JavaTokens.scala:35)
	at scala.meta.internal.parsing.TokenEditDistance$.apply(TokenEditDistance.scala:370)
	at scala.meta.internal.metals.Diagnostics.publishDiagnostics(Diagnostics.scala:226)
	at scala.meta.internal.metals.Diagnostics.publishDiagnostics(Diagnostics.scala:188)
	at scala.meta.internal.metals.Diagnostics.didChange(Diagnostics.scala:136)
	at scala.meta.internal.metals.MetalsLanguageServer.didChange(MetalsLanguageServer.scala:1275)
	at jdk.internal.reflect.GeneratedMethodAccessor1.invoke(null)
	at jdk.internal.reflect.DelegatingMethodAccessorImpl.invoke(DelegatingMethodAccessorImpl.java:43)
	at java.lang.reflect.Method.invoke(Method.java:568)
	at org.eclipse.lsp4j.jsonrpc.services.GenericEndpoint.lambda$null$0(GenericEndpoint.java:65)
	at org.eclipse.lsp4j.jsonrpc.services.GenericEndpoint.notify(GenericEndpoint.java:152)
	at org.eclipse.lsp4j.jsonrpc.RemoteEndpoint.handleNotification(RemoteEndpoint.java:220)
	at org.eclipse.lsp4j.jsonrpc.RemoteEndpoint.consume(RemoteEndpoint.java:187)
	at org.eclipse.lsp4j.jsonrpc.json.StreamMessageProducer.handleMessage(StreamMessageProducer.java:194)
	at org.eclipse.lsp4j.jsonrpc.json.StreamMessageProducer.listen(StreamMessageProducer.java:94)
	at org.eclipse.lsp4j.jsonrpc.json.ConcurrentMessageProcessor.run(ConcurrentMessageProcessor.java:113)
	at java.util.concurrent.Executors$RunnableAdapter.call(Executors.java:539)
	at java.util.concurrent.FutureTask.run(FutureTask.java:264)
	at java.util.concurrent.ThreadPoolExecutor.runWorker(ThreadPoolExecutor.java:1136)
	at java.util.concurrent.ThreadPoolExecutor$Worker.run(ThreadPoolExecutor.java:635)
	at java.lang.Thread.run(Thread.java:833)

2023.01.11 07:57:49 WARN  Cannot tokenize Java file file:///workspaces/playground/wasm-latency/index.javaorg.eclipse.jdt.core.compiler.InvalidInputException: Invalid_Char_In_String
	at org.eclipse.jdt.internal.core.util.PublicScanner.getNextToken(PublicScanner.java:1564)
	at scala.meta.internal.parsing.JavaTokens$.loop$1(JavaTokens.scala:71)
	at scala.meta.internal.parsing.JavaTokens$.$anonfun$tokenize$1(JavaTokens.scala:75)
	at scala.util.Try$.apply(Try.scala:210)
	at scala.meta.internal.parsing.JavaTokens$.tokenize(JavaTokens.scala:35)
	at scala.meta.internal.parsing.TokenEditDistance$.apply(TokenEditDistance.scala:370)
	at scala.meta.internal.metals.Buffers.tokenEditDistance(Buffers.scala:30)
	at scala.meta.internal.metals.DefinitionProvider.positionOccurrenceQuery(DefinitionProvider.scala:169)
	at scala.meta.internal.metals.DefinitionProvider.positionOccurrence(DefinitionProvider.scala:198)
	at scala.meta.internal.metals.JavaDocumentHighlightProvider.$anonfun$documentHighlight$1(JavaDocumentHighlightProvider.scala:26)
	at scala.collection.immutable.List.map(List.scala:246)
	at scala.meta.internal.metals.JavaDocumentHighlightProvider.documentHighlight(JavaDocumentHighlightProvider.scala:22)
	at scala.meta.internal.metals.MetalsLanguageServer.$anonfun$documentHighlights$1(MetalsLanguageServer.scala:1577)
	at scala.meta.internal.metals.CancelTokens$.$anonfun$apply$2(CancelTokens.scala:26)
	at scala.concurrent.Future$.$anonfun$apply$1(Future.scala:678)
	at scala.concurrent.impl.Promise$Transformation.run(Promise.scala:467)
	at java.util.concurrent.ThreadPoolExecutor.runWorker(ThreadPoolExecutor.java:1136)
	at java.util.concurrent.ThreadPoolExecutor$Worker.run(ThreadPoolExecutor.java:635)
	at java.lang.Thread.run(Thread.java:833)

Jan 11, 2023 7:57:49 AM org.eclipse.lsp4j.jsonrpc.RemoteEndpoint handleCancellation
WARNING: Unmatched cancel notification for request id 757
2023.01.11 07:57:49 WARN  Cannot tokenize Java file file:///workspaces/playground/wasm-latency/index.javaorg.eclipse.jdt.core.compiler.InvalidInputException: Invalid_Char_In_String
	at org.eclipse.jdt.internal.core.util.PublicScanner.getNextToken(PublicScanner.java:1564)
	at scala.meta.internal.parsing.JavaTokens$.loop$1(JavaTokens.scala:71)
	at scala.meta.internal.parsing.JavaTokens$.$anonfun$tokenize$1(JavaTokens.scala:75)
	at scala.util.Try$.apply(Try.scala:210)
	at scala.meta.internal.parsing.JavaTokens$.tokenize(JavaTokens.scala:35)
	at scala.meta.internal.parsing.TokenEditDistance$.apply(TokenEditDistance.scala:370)
	at scala.meta.internal.metals.Diagnostics.publishDiagnostics(Diagnostics.scala:226)
	at scala.meta.internal.metals.Diagnostics.publishDiagnostics(Diagnostics.scala:188)
	at scala.meta.internal.metals.Diagnostics.didChange(Diagnostics.scala:136)
	at scala.meta.internal.metals.MetalsLanguageServer.didChange(MetalsLanguageServer.scala:1275)
	at jdk.internal.reflect.GeneratedMethodAccessor1.invoke(null)
	at jdk.internal.reflect.DelegatingMethodAccessorImpl.invoke(DelegatingMethodAccessorImpl.java:43)
	at java.lang.reflect.Method.invoke(Method.java:568)
	at org.eclipse.lsp4j.jsonrpc.services.GenericEndpoint.lambda$null$0(GenericEndpoint.java:65)
	at org.eclipse.lsp4j.jsonrpc.services.GenericEndpoint.notify(GenericEndpoint.java:152)
	at org.eclipse.lsp4j.jsonrpc.RemoteEndpoint.handleNotification(RemoteEndpoint.java:220)
	at org.eclipse.lsp4j.jsonrpc.RemoteEndpoint.consume(RemoteEndpoint.java:187)
	at org.eclipse.lsp4j.jsonrpc.json.StreamMessageProducer.handleMessage(StreamMessageProducer.java:194)
	at org.eclipse.lsp4j.jsonrpc.json.StreamMessageProducer.listen(StreamMessageProducer.java:94)
	at org.eclipse.lsp4j.jsonrpc.json.ConcurrentMessageProcessor.run(ConcurrentMessageProcessor.java:113)
	at java.util.concurrent.Executors$RunnableAdapter.call(Executors.java:539)
	at java.util.concurrent.FutureTask.run(FutureTask.java:264)
	at java.util.concurrent.ThreadPoolExecutor.runWorker(ThreadPoolExecutor.java:1136)
	at java.util.concurrent.ThreadPoolExecutor$Worker.run(ThreadPoolExecutor.java:635)
	at java.lang.Thread.run(Thread.java:833)

2023.01.11 07:57:49 WARN  Cannot tokenize Java file file:///workspaces/playground/wasm-latency/index.javaorg.eclipse.jdt.core.compiler.InvalidInputException: Invalid_Char_In_String
	at org.eclipse.jdt.internal.core.util.PublicScanner.getNextToken(PublicScanner.java:1564)
	at scala.meta.internal.parsing.JavaTokens$.loop$1(JavaTokens.scala:71)
	at scala.meta.internal.parsing.JavaTokens$.$anonfun$tokenize$1(JavaTokens.scala:75)
	at scala.util.Try$.apply(Try.scala:210)
	at scala.meta.internal.parsing.JavaTokens$.tokenize(JavaTokens.scala:35)
	at scala.meta.internal.parsing.TokenEditDistance$.apply(TokenEditDistance.scala:370)
	at scala.meta.internal.metals.Diagnostics.publishDiagnostics(Diagnostics.scala:226)
	at scala.meta.internal.metals.Diagnostics.publishDiagnostics(Diagnostics.scala:188)
	at scala.meta.internal.metals.Diagnostics.didChange(Diagnostics.scala:136)
	at scala.meta.internal.metals.MetalsLanguageServer.didChange(MetalsLanguageServer.scala:1275)
	at jdk.internal.reflect.GeneratedMethodAccessor1.invoke(null)
	at jdk.internal.reflect.DelegatingMethodAccessorImpl.invoke(DelegatingMethodAccessorImpl.java:43)
	at java.lang.reflect.Method.invoke(Method.java:568)
	at org.eclipse.lsp4j.jsonrpc.services.GenericEndpoint.lambda$null$0(GenericEndpoint.java:65)
	at org.eclipse.lsp4j.jsonrpc.services.GenericEndpoint.notify(GenericEndpoint.java:152)
	at org.eclipse.lsp4j.jsonrpc.RemoteEndpoint.handleNotification(RemoteEndpoint.java:220)
	at org.eclipse.lsp4j.jsonrpc.RemoteEndpoint.consume(RemoteEndpoint.java:187)
	at org.eclipse.lsp4j.jsonrpc.json.StreamMessageProducer.handleMessage(StreamMessageProducer.java:194)
	at org.eclipse.lsp4j.jsonrpc.json.StreamMessageProducer.listen(StreamMessageProducer.java:94)
	at org.eclipse.lsp4j.jsonrpc.json.ConcurrentMessageProcessor.run(ConcurrentMessageProcessor.java:113)
	at java.util.concurrent.Executors$RunnableAdapter.call(Executors.java:539)
	at java.util.concurrent.FutureTask.run(FutureTask.java:264)
	at java.util.concurrent.ThreadPoolExecutor.runWorker(ThreadPoolExecutor.java:1136)
	at java.util.concurrent.ThreadPoolExecutor$Worker.run(ThreadPoolExecutor.java:635)
	at java.lang.Thread.run(Thread.java:833)

2023.01.11 07:57:49 WARN  Cannot tokenize Java file file:///workspaces/playground/wasm-latency/index.javaorg.eclipse.jdt.core.compiler.InvalidInputException: Invalid_Char_In_String
	at org.eclipse.jdt.internal.core.util.PublicScanner.getNextToken(PublicScanner.java:1564)
	at scala.meta.internal.parsing.JavaTokens$.loop$1(JavaTokens.scala:71)
	at scala.meta.internal.parsing.JavaTokens$.$anonfun$tokenize$1(JavaTokens.scala:75)
	at scala.util.Try$.apply(Try.scala:210)
	at scala.meta.internal.parsing.JavaTokens$.tokenize(JavaTokens.scala:35)
	at scala.meta.internal.parsing.TokenEditDistance$.apply(TokenEditDistance.scala:370)
	at scala.meta.internal.metals.Buffers.tokenEditDistance(Buffers.scala:30)
	at scala.meta.internal.metals.DefinitionProvider.positionOccurrenceQuery(DefinitionProvider.scala:169)
	at scala.meta.internal.metals.DefinitionProvider.positionOccurrence(DefinitionProvider.scala:198)
	at scala.meta.internal.metals.JavaDocumentHighlightProvider.$anonfun$documentHighlight$1(JavaDocumentHighlightProvider.scala:26)
	at scala.collection.immutable.List.map(List.scala:246)
	at scala.meta.internal.metals.JavaDocumentHighlightProvider.documentHighlight(JavaDocumentHighlightProvider.scala:22)
	at scala.meta.internal.metals.MetalsLanguageServer.$anonfun$documentHighlights$1(MetalsLanguageServer.scala:1577)
	at scala.meta.internal.metals.CancelTokens$.$anonfun$apply$2(CancelTokens.scala:26)
	at scala.concurrent.Future$.$anonfun$apply$1(Future.scala:678)
	at scala.concurrent.impl.Promise$Transformation.run(Promise.scala:467)
	at java.util.concurrent.ThreadPoolExecutor.runWorker(ThreadPoolExecutor.java:1136)
	at java.util.concurrent.ThreadPoolExecutor$Worker.run(ThreadPoolExecutor.java:635)
	at java.lang.Thread.run(Thread.java:833)

2023.01.11 07:57:49 WARN  Cannot tokenize Java file file:///workspaces/playground/wasm-latency/index.javaorg.eclipse.jdt.core.compiler.InvalidInputException: Invalid_Char_In_String
	at org.eclipse.jdt.internal.core.util.PublicScanner.getNextToken(PublicScanner.java:1564)
	at scala.meta.internal.parsing.JavaTokens$.loop$1(JavaTokens.scala:71)
	at scala.meta.internal.parsing.JavaTokens$.$anonfun$tokenize$1(JavaTokens.scala:75)
	at scala.util.Try$.apply(Try.scala:210)
	at scala.meta.internal.parsing.JavaTokens$.tokenize(JavaTokens.scala:35)
	at scala.meta.internal.parsing.TokenEditDistance$.apply(TokenEditDistance.scala:370)
	at scala.meta.internal.metals.Buffers.tokenEditDistance(Buffers.scala:30)
	at scala.meta.internal.metals.DefinitionProvider.positionOccurrenceQuery(DefinitionProvider.scala:169)
	at scala.meta.internal.metals.DefinitionProvider.positionOccurrence(DefinitionProvider.scala:198)
	at scala.meta.internal.metals.JavaDocumentHighlightProvider.$anonfun$documentHighlight$1(JavaDocumentHighlightProvider.scala:26)
	at scala.collection.immutable.List.map(List.scala:246)
	at scala.meta.internal.metals.JavaDocumentHighlightProvider.documentHighlight(JavaDocumentHighlightProvider.scala:22)
	at scala.meta.internal.metals.MetalsLanguageServer.$anonfun$documentHighlights$1(MetalsLanguageServer.scala:1577)
	at scala.meta.internal.metals.CancelTokens$.$anonfun$apply$2(CancelTokens.scala:26)
	at scala.concurrent.Future$.$anonfun$apply$1(Future.scala:678)
	at scala.concurrent.impl.Promise$Transformation.run(Promise.scala:467)
	at java.util.concurrent.ThreadPoolExecutor.runWorker(ThreadPoolExecutor.java:1136)
	at java.util.concurrent.ThreadPoolExecutor$Worker.run(ThreadPoolExecutor.java:635)
	at java.lang.Thread.run(Thread.java:833)

2023.01.11 07:57:49 WARN  Cannot tokenize Java file file:///workspaces/playground/wasm-latency/index.javaorg.eclipse.jdt.core.compiler.InvalidInputException: Invalid_Char_In_String
	at org.eclipse.jdt.internal.core.util.PublicScanner.getNextToken(PublicScanner.java:1564)
	at scala.meta.internal.parsing.JavaTokens$.loop$1(JavaTokens.scala:71)
	at scala.meta.internal.parsing.JavaTokens$.$anonfun$tokenize$1(JavaTokens.scala:75)
	at scala.util.Try$.apply(Try.scala:210)
	at scala.meta.internal.parsing.JavaTokens$.tokenize(JavaTokens.scala:35)
	at scala.meta.internal.parsing.TokenEditDistance$.apply(TokenEditDistance.scala:370)
	at scala.meta.internal.metals.Buffers.tokenEditDistance(Buffers.scala:30)
	at scala.meta.internal.metals.DefinitionProvider.positionOccurrenceQuery(DefinitionProvider.scala:169)
	at scala.meta.internal.metals.DefinitionProvider.positionOccurrence(DefinitionProvider.scala:198)
	at scala.meta.internal.metals.JavaDocumentHighlightProvider.$anonfun$documentHighlight$1(JavaDocumentHighlightProvider.scala:26)
	at scala.collection.immutable.List.map(List.scala:246)
	at scala.meta.internal.metals.JavaDocumentHighlightProvider.documentHighlight(JavaDocumentHighlightProvider.scala:22)
	at scala.meta.internal.metals.MetalsLanguageServer.$anonfun$documentHighlights$1(MetalsLanguageServer.scala:1577)
	at scala.meta.internal.metals.CancelTokens$.$anonfun$apply$2(CancelTokens.scala:26)
	at scala.concurrent.Future$.$anonfun$apply$1(Future.scala:678)
	at scala.concurrent.impl.Promise$Transformation.run(Promise.scala:467)
	at java.util.concurrent.ThreadPoolExecutor.runWorker(ThreadPoolExecutor.java:1136)
	at java.util.concurrent.ThreadPoolExecutor$Worker.run(ThreadPoolExecutor.java:635)
	at java.lang.Thread.run(Thread.java:833)

2023.01.11 07:57:49 WARN  Cannot tokenize Java file file:///workspaces/playground/wasm-latency/index.javaorg.eclipse.jdt.core.compiler.InvalidInputException: Invalid_Char_In_String
	at org.eclipse.jdt.internal.core.util.PublicScanner.getNextToken(PublicScanner.java:1564)
	at scala.meta.internal.parsing.JavaTokens$.loop$1(JavaTokens.scala:71)
	at scala.meta.internal.parsing.JavaTokens$.$anonfun$tokenize$1(JavaTokens.scala:75)
	at scala.util.Try$.apply(Try.scala:210)
	at scala.meta.internal.parsing.JavaTokens$.tokenize(JavaTokens.scala:35)
	at scala.meta.internal.parsing.TokenEditDistance$.apply(TokenEditDistance.scala:370)
	at scala.meta.internal.metals.Diagnostics.publishDiagnostics(Diagnostics.scala:226)
	at scala.meta.internal.metals.Diagnostics.publishDiagnostics(Diagnostics.scala:188)
	at scala.meta.internal.metals.Diagnostics.didChange(Diagnostics.scala:136)
	at scala.meta.internal.metals.MetalsLanguageServer.didChange(MetalsLanguageServer.scala:1275)
	at jdk.internal.reflect.GeneratedMethodAccessor1.invoke(null)
	at jdk.internal.reflect.DelegatingMethodAccessorImpl.invoke(DelegatingMethodAccessorImpl.java:43)
	at java.lang.reflect.Method.invoke(Method.java:568)
	at org.eclipse.lsp4j.jsonrpc.services.GenericEndpoint.lambda$null$0(GenericEndpoint.java:65)
	at org.eclipse.lsp4j.jsonrpc.services.GenericEndpoint.notify(GenericEndpoint.java:152)
	at org.eclipse.lsp4j.jsonrpc.RemoteEndpoint.handleNotification(RemoteEndpoint.java:220)
	at org.eclipse.lsp4j.jsonrpc.RemoteEndpoint.consume(RemoteEndpoint.java:187)
	at org.eclipse.lsp4j.jsonrpc.json.StreamMessageProducer.handleMessage(StreamMessageProducer.java:194)
	at org.eclipse.lsp4j.jsonrpc.json.StreamMessageProducer.listen(StreamMessageProducer.java:94)
	at org.eclipse.lsp4j.jsonrpc.json.ConcurrentMessageProcessor.run(ConcurrentMessageProcessor.java:113)
	at java.util.concurrent.Executors$RunnableAdapter.call(Executors.java:539)
	at java.util.concurrent.FutureTask.run(FutureTask.java:264)
	at java.util.concurrent.ThreadPoolExecutor.runWorker(ThreadPoolExecutor.java:1136)
	at java.util.concurrent.ThreadPoolExecutor$Worker.run(ThreadPoolExecutor.java:635)
	at java.lang.Thread.run(Thread.java:833)

2023.01.11 07:57:49 WARN  Cannot tokenize Java file file:///workspaces/playground/wasm-latency/index.javaorg.eclipse.jdt.core.compiler.InvalidInputException: Invalid_Char_In_String
	at org.eclipse.jdt.internal.core.util.PublicScanner.getNextToken(PublicScanner.java:1564)
	at scala.meta.internal.parsing.JavaTokens$.loop$1(JavaTokens.scala:71)
	at scala.meta.internal.parsing.JavaTokens$.$anonfun$tokenize$1(JavaTokens.scala:75)
	at scala.util.Try$.apply(Try.scala:210)
	at scala.meta.internal.parsing.JavaTokens$.tokenize(JavaTokens.scala:35)
	at scala.meta.internal.parsing.TokenEditDistance$.apply(TokenEditDistance.scala:370)
	at scala.meta.internal.metals.Buffers.tokenEditDistance(Buffers.scala:30)
	at scala.meta.internal.metals.DefinitionProvider.positionOccurrenceQuery(DefinitionProvider.scala:169)
	at scala.meta.internal.metals.DefinitionProvider.positionOccurrence(DefinitionProvider.scala:198)
	at scala.meta.internal.metals.JavaDocumentHighlightProvider.$anonfun$documentHighlight$1(JavaDocumentHighlightProvider.scala:26)
	at scala.collection.immutable.List.map(List.scala:246)
	at scala.meta.internal.metals.JavaDocumentHighlightProvider.documentHighlight(JavaDocumentHighlightProvider.scala:22)
	at scala.meta.internal.metals.MetalsLanguageServer.$anonfun$documentHighlights$1(MetalsLanguageServer.scala:1577)
	at scala.meta.internal.metals.CancelTokens$.$anonfun$apply$2(CancelTokens.scala:26)
	at scala.concurrent.Future$.$anonfun$apply$1(Future.scala:678)
	at scala.concurrent.impl.Promise$Transformation.run(Promise.scala:467)
	at java.util.concurrent.ThreadPoolExecutor.runWorker(ThreadPoolExecutor.java:1136)
	at java.util.concurrent.ThreadPoolExecutor$Worker.run(ThreadPoolExecutor.java:635)
	at java.lang.Thread.run(Thread.java:833)

2023.01.11 07:57:49 WARN  Cannot tokenize Java file file:///workspaces/playground/wasm-latency/index.javaorg.eclipse.jdt.core.compiler.InvalidInputException: Invalid_Char_In_String
	at org.eclipse.jdt.internal.core.util.PublicScanner.getNextToken(PublicScanner.java:1564)
	at scala.meta.internal.parsing.JavaTokens$.loop$1(JavaTokens.scala:71)
	at scala.meta.internal.parsing.JavaTokens$.$anonfun$tokenize$1(JavaTokens.scala:75)
	at scala.util.Try$.apply(Try.scala:210)
	at scala.meta.internal.parsing.JavaTokens$.tokenize(JavaTokens.scala:35)
	at scala.meta.internal.parsing.TokenEditDistance$.apply(TokenEditDistance.scala:370)
	at scala.meta.internal.metals.Diagnostics.publishDiagnostics(Diagnostics.scala:226)
	at scala.meta.internal.metals.Diagnostics.publishDiagnostics(Diagnostics.scala:188)
	at scala.meta.internal.metals.Diagnostics.didChange(Diagnostics.scala:136)
	at scala.meta.internal.metals.MetalsLanguageServer.didChange(MetalsLanguageServer.scala:1275)
	at jdk.internal.reflect.GeneratedMethodAccessor1.invoke(null)
	at jdk.internal.reflect.DelegatingMethodAccessorImpl.invoke(DelegatingMethodAccessorImpl.java:43)
	at java.lang.reflect.Method.invoke(Method.java:568)
	at org.eclipse.lsp4j.jsonrpc.services.GenericEndpoint.lambda$null$0(GenericEndpoint.java:65)
	at org.eclipse.lsp4j.jsonrpc.services.GenericEndpoint.notify(GenericEndpoint.java:152)
	at org.eclipse.lsp4j.jsonrpc.RemoteEndpoint.handleNotification(RemoteEndpoint.java:220)
	at org.eclipse.lsp4j.jsonrpc.RemoteEndpoint.consume(RemoteEndpoint.java:187)
	at org.eclipse.lsp4j.jsonrpc.json.StreamMessageProducer.handleMessage(StreamMessageProducer.java:194)
	at org.eclipse.lsp4j.jsonrpc.json.StreamMessageProducer.listen(StreamMessageProducer.java:94)
	at org.eclipse.lsp4j.jsonrpc.json.ConcurrentMessageProcessor.run(ConcurrentMessageProcessor.java:113)
	at java.util.concurrent.Executors$RunnableAdapter.call(Executors.java:539)
	at java.util.concurrent.FutureTask.run(FutureTask.java:264)
	at java.util.concurrent.ThreadPoolExecutor.runWorker(ThreadPoolExecutor.java:1136)
	at java.util.concurrent.ThreadPoolExecutor$Worker.run(ThreadPoolExecutor.java:635)
	at java.lang.Thread.run(Thread.java:833)

2023.01.11 07:57:49 WARN  Cannot tokenize Java file file:///workspaces/playground/wasm-latency/index.javaorg.eclipse.jdt.core.compiler.InvalidInputException: Invalid_Char_In_String
	at org.eclipse.jdt.internal.core.util.PublicScanner.getNextToken(PublicScanner.java:1564)
	at scala.meta.internal.parsing.JavaTokens$.loop$1(JavaTokens.scala:71)
	at scala.meta.internal.parsing.JavaTokens$.$anonfun$tokenize$1(JavaTokens.scala:75)
	at scala.util.Try$.apply(Try.scala:210)
	at scala.meta.internal.parsing.JavaTokens$.tokenize(JavaTokens.scala:35)
	at scala.meta.internal.parsing.TokenEditDistance$.apply(TokenEditDistance.scala:370)
	at scala.meta.internal.metals.Buffers.tokenEditDistance(Buffers.scala:30)
	at scala.meta.internal.metals.DefinitionProvider.positionOccurrenceQuery(DefinitionProvider.scala:169)
	at scala.meta.internal.metals.DefinitionProvider.positionOccurrence(DefinitionProvider.scala:198)
	at scala.meta.internal.metals.JavaDocumentHighlightProvider.$anonfun$documentHighlight$1(JavaDocumentHighlightProvider.scala:26)
	at scala.collection.immutable.List.map(List.scala:246)
	at scala.meta.internal.metals.JavaDocumentHighlightProvider.documentHighlight(JavaDocumentHighlightProvider.scala:22)
	at scala.meta.internal.metals.MetalsLanguageServer.$anonfun$documentHighlights$1(MetalsLanguageServer.scala:1577)
	at scala.meta.internal.metals.CancelTokens$.$anonfun$apply$2(CancelTokens.scala:26)
	at scala.concurrent.Future$.$anonfun$apply$1(Future.scala:678)
	at scala.concurrent.impl.Promise$Transformation.run(Promise.scala:467)
	at java.util.concurrent.ThreadPoolExecutor.runWorker(ThreadPoolExecutor.java:1136)
	at java.util.concurrent.ThreadPoolExecutor$Worker.run(ThreadPoolExecutor.java:635)
	at java.lang.Thread.run(Thread.java:833)

2023.01.11 07:57:49 WARN  Cannot tokenize Java file file:///workspaces/playground/wasm-latency/index.javaorg.eclipse.jdt.core.compiler.InvalidInputException: Invalid_Char_In_String
	at org.eclipse.jdt.internal.core.util.PublicScanner.getNextToken(PublicScanner.java:1564)
	at scala.meta.internal.parsing.JavaTokens$.loop$1(JavaTokens.scala:71)
	at scala.meta.internal.parsing.JavaTokens$.$anonfun$tokenize$1(JavaTokens.scala:75)
	at scala.util.Try$.apply(Try.scala:210)
	at scala.meta.internal.parsing.JavaTokens$.tokenize(JavaTokens.scala:35)
	at scala.meta.internal.parsing.TokenEditDistance$.apply(TokenEditDistance.scala:370)
	at scala.meta.internal.metals.Diagnostics.publishDiagnostics(Diagnostics.scala:226)
	at scala.meta.internal.metals.Diagnostics.publishDiagnostics(Diagnostics.scala:188)
	at scala.meta.internal.metals.Diagnostics.didChange(Diagnostics.scala:136)
	at scala.meta.internal.metals.MetalsLanguageServer.didChange(MetalsLanguageServer.scala:1275)
	at jdk.internal.reflect.GeneratedMethodAccessor1.invoke(null)
	at jdk.internal.reflect.DelegatingMethodAccessorImpl.invoke(DelegatingMethodAccessorImpl.java:43)
	at java.lang.reflect.Method.invoke(Method.java:568)
	at org.eclipse.lsp4j.jsonrpc.services.GenericEndpoint.lambda$null$0(GenericEndpoint.java:65)
	at org.eclipse.lsp4j.jsonrpc.services.GenericEndpoint.notify(GenericEndpoint.java:152)
	at org.eclipse.lsp4j.jsonrpc.RemoteEndpoint.handleNotification(RemoteEndpoint.java:220)
	at org.eclipse.lsp4j.jsonrpc.RemoteEndpoint.consume(RemoteEndpoint.java:187)
	at org.eclipse.lsp4j.jsonrpc.json.StreamMessageProducer.handleMessage(StreamMessageProducer.java:194)
	at org.eclipse.lsp4j.jsonrpc.json.StreamMessageProducer.listen(StreamMessageProducer.java:94)
	at org.eclipse.lsp4j.jsonrpc.json.ConcurrentMessageProcessor.run(ConcurrentMessageProcessor.java:113)
	at java.util.concurrent.Executors$RunnableAdapter.call(Executors.java:539)
	at java.util.concurrent.FutureTask.run(FutureTask.java:264)
	at java.util.concurrent.ThreadPoolExecutor.runWorker(ThreadPoolExecutor.java:1136)
	at java.util.concurrent.ThreadPoolExecutor$Worker.run(ThreadPoolExecutor.java:635)
	at java.lang.Thread.run(Thread.java:833)

2023.01.11 07:57:49 WARN  Cannot tokenize Java file file:///workspaces/playground/wasm-latency/index.javaorg.eclipse.jdt.core.compiler.InvalidInputException: Invalid_Char_In_String
	at org.eclipse.jdt.internal.core.util.PublicScanner.getNextToken(PublicScanner.java:1564)
	at scala.meta.internal.parsing.JavaTokens$.loop$1(JavaTokens.scala:71)
	at scala.meta.internal.parsing.JavaTokens$.$anonfun$tokenize$1(JavaTokens.scala:75)
	at scala.util.Try$.apply(Try.scala:210)
	at scala.meta.internal.parsing.JavaTokens$.tokenize(JavaTokens.scala:35)
	at scala.meta.internal.parsing.TokenEditDistance$.apply(TokenEditDistance.scala:370)
	at scala.meta.internal.metals.Buffers.tokenEditDistance(Buffers.scala:30)
	at scala.meta.internal.metals.DefinitionProvider.positionOccurrenceQuery(DefinitionProvider.scala:169)
	at scala.meta.internal.metals.DefinitionProvider.positionOccurrence(DefinitionProvider.scala:198)
	at scala.meta.internal.metals.JavaDocumentHighlightProvider.$anonfun$documentHighlight$1(JavaDocumentHighlightProvider.scala:26)
	at scala.collection.immutable.List.map(List.scala:246)
	at scala.meta.internal.metals.JavaDocumentHighlightProvider.documentHighlight(JavaDocumentHighlightProvider.scala:22)
	at scala.meta.internal.metals.MetalsLanguageServer.$anonfun$documentHighlights$1(MetalsLanguageServer.scala:1577)
	at scala.meta.internal.metals.CancelTokens$.$anonfun$apply$2(CancelTokens.scala:26)
	at scala.concurrent.Future$.$anonfun$apply$1(Future.scala:678)
	at scala.concurrent.impl.Promise$Transformation.run(Promise.scala:467)
	at java.util.concurrent.ThreadPoolExecutor.runWorker(ThreadPoolExecutor.java:1136)
	at java.util.concurrent.ThreadPoolExecutor$Worker.run(ThreadPoolExecutor.java:635)
	at java.lang.Thread.run(Thread.java:833)

2023.01.11 07:57:49 WARN  Cannot tokenize Java file file:///workspaces/playground/wasm-latency/index.javaorg.eclipse.jdt.core.compiler.InvalidInputException: Invalid_Char_In_String
	at org.eclipse.jdt.internal.core.util.PublicScanner.getNextToken(PublicScanner.java:1564)
	at scala.meta.internal.parsing.JavaTokens$.loop$1(JavaTokens.scala:71)
	at scala.meta.internal.parsing.JavaTokens$.$anonfun$tokenize$1(JavaTokens.scala:75)
	at scala.util.Try$.apply(Try.scala:210)
	at scala.meta.internal.parsing.JavaTokens$.tokenize(JavaTokens.scala:35)
	at scala.meta.internal.parsing.TokenEditDistance$.apply(TokenEditDistance.scala:370)
	at scala.meta.internal.metals.Diagnostics.publishDiagnostics(Diagnostics.scala:226)
	at scala.meta.internal.metals.Diagnostics.publishDiagnostics(Diagnostics.scala:188)
	at scala.meta.internal.metals.Diagnostics.didChange(Diagnostics.scala:136)
	at scala.meta.internal.metals.MetalsLanguageServer.didChange(MetalsLanguageServer.scala:1275)
	at jdk.internal.reflect.GeneratedMethodAccessor1.invoke(null)
	at jdk.internal.reflect.DelegatingMethodAccessorImpl.invoke(DelegatingMethodAccessorImpl.java:43)
	at java.lang.reflect.Method.invoke(Method.java:568)
	at org.eclipse.lsp4j.jsonrpc.services.GenericEndpoint.lambda$null$0(GenericEndpoint.java:65)
	at org.eclipse.lsp4j.jsonrpc.services.GenericEndpoint.notify(GenericEndpoint.java:152)
	at org.eclipse.lsp4j.jsonrpc.RemoteEndpoint.handleNotification(RemoteEndpoint.java:220)
	at org.eclipse.lsp4j.jsonrpc.RemoteEndpoint.consume(RemoteEndpoint.java:187)
	at org.eclipse.lsp4j.jsonrpc.json.StreamMessageProducer.handleMessage(StreamMessageProducer.java:194)
	at org.eclipse.lsp4j.jsonrpc.json.StreamMessageProducer.listen(StreamMessageProducer.java:94)
	at org.eclipse.lsp4j.jsonrpc.json.ConcurrentMessageProcessor.run(ConcurrentMessageProcessor.java:113)
	at java.util.concurrent.Executors$RunnableAdapter.call(Executors.java:539)
	at java.util.concurrent.FutureTask.run(FutureTask.java:264)
	at java.util.concurrent.ThreadPoolExecutor.runWorker(ThreadPoolExecutor.java:1136)
	at java.util.concurrent.ThreadPoolExecutor$Worker.run(ThreadPoolExecutor.java:635)
	at java.lang.Thread.run(Thread.java:833)

2023.01.11 07:57:49 WARN  Cannot tokenize Java file file:///workspaces/playground/wasm-latency/index.javaorg.eclipse.jdt.core.compiler.InvalidInputException: Invalid_Char_In_String
	at org.eclipse.jdt.internal.core.util.PublicScanner.getNextToken(PublicScanner.java:1564)
	at scala.meta.internal.parsing.JavaTokens$.loop$1(JavaTokens.scala:71)
	at scala.meta.internal.parsing.JavaTokens$.$anonfun$tokenize$1(JavaTokens.scala:75)
	at scala.util.Try$.apply(Try.scala:210)
	at scala.meta.internal.parsing.JavaTokens$.tokenize(JavaTokens.scala:35)
	at scala.meta.internal.parsing.TokenEditDistance$.apply(TokenEditDistance.scala:370)
	at scala.meta.internal.metals.Buffers.tokenEditDistance(Buffers.scala:30)
	at scala.meta.internal.metals.DefinitionProvider.positionOccurrenceQuery(DefinitionProvider.scala:169)
	at scala.meta.internal.metals.DefinitionProvider.positionOccurrence(DefinitionProvider.scala:198)
	at scala.meta.internal.metals.JavaDocumentHighlightProvider.$anonfun$documentHighlight$1(JavaDocumentHighlightProvider.scala:26)
	at scala.collection.immutable.List.map(List.scala:246)
	at scala.meta.internal.metals.JavaDocumentHighlightProvider.documentHighlight(JavaDocumentHighlightProvider.scala:22)
	at scala.meta.internal.metals.MetalsLanguageServer.$anonfun$documentHighlights$1(MetalsLanguageServer.scala:1577)
	at scala.meta.internal.metals.CancelTokens$.$anonfun$apply$2(CancelTokens.scala:26)
	at scala.concurrent.Future$.$anonfun$apply$1(Future.scala:678)
	at scala.concurrent.impl.Promise$Transformation.run(Promise.scala:467)
	at java.util.concurrent.ThreadPoolExecutor.runWorker(ThreadPoolExecutor.java:1136)
	at java.util.concurrent.ThreadPoolExecutor$Worker.run(ThreadPoolExecutor.java:635)
	at java.lang.Thread.run(Thread.java:833)

2023.01.11 07:57:49 WARN  Cannot tokenize Java file file:///workspaces/playground/wasm-latency/index.javaorg.eclipse.jdt.core.compiler.InvalidInputException: Invalid_Char_In_String
	at org.eclipse.jdt.internal.core.util.PublicScanner.getNextToken(PublicScanner.java:1564)
	at scala.meta.internal.parsing.JavaTokens$.loop$1(JavaTokens.scala:71)
	at scala.meta.internal.parsing.JavaTokens$.$anonfun$tokenize$1(JavaTokens.scala:75)
	at scala.util.Try$.apply(Try.scala:210)
	at scala.meta.internal.parsing.JavaTokens$.tokenize(JavaTokens.scala:35)
	at scala.meta.internal.parsing.TokenEditDistance$.apply(TokenEditDistance.scala:370)
	at scala.meta.internal.metals.Diagnostics.publishDiagnostics(Diagnostics.scala:226)
	at scala.meta.internal.metals.Diagnostics.publishDiagnostics(Diagnostics.scala:188)
	at scala.meta.internal.metals.Diagnostics.didChange(Diagnostics.scala:136)
	at scala.meta.internal.metals.MetalsLanguageServer.didChange(MetalsLanguageServer.scala:1275)
	at jdk.internal.reflect.GeneratedMethodAccessor1.invoke(null)
	at jdk.internal.reflect.DelegatingMethodAccessorImpl.invoke(DelegatingMethodAccessorImpl.java:43)
	at java.lang.reflect.Method.invoke(Method.java:568)
	at org.eclipse.lsp4j.jsonrpc.services.GenericEndpoint.lambda$null$0(GenericEndpoint.java:65)
	at org.eclipse.lsp4j.jsonrpc.services.GenericEndpoint.notify(GenericEndpoint.java:152)
	at org.eclipse.lsp4j.jsonrpc.RemoteEndpoint.handleNotification(RemoteEndpoint.java:220)
	at org.eclipse.lsp4j.jsonrpc.RemoteEndpoint.consume(RemoteEndpoint.java:187)
	at org.eclipse.lsp4j.jsonrpc.json.StreamMessageProducer.handleMessage(StreamMessageProducer.java:194)
	at org.eclipse.lsp4j.jsonrpc.json.StreamMessageProducer.listen(StreamMessageProducer.java:94)
	at org.eclipse.lsp4j.jsonrpc.json.ConcurrentMessageProcessor.run(ConcurrentMessageProcessor.java:113)
	at java.util.concurrent.Executors$RunnableAdapter.call(Executors.java:539)
	at java.util.concurrent.FutureTask.run(FutureTask.java:264)
	at java.util.concurrent.ThreadPoolExecutor.runWorker(ThreadPoolExecutor.java:1136)
	at java.util.concurrent.ThreadPoolExecutor$Worker.run(ThreadPoolExecutor.java:635)
	at java.lang.Thread.run(Thread.java:833)

2023.01.11 07:57:49 WARN  Cannot tokenize Java file file:///workspaces/playground/wasm-latency/index.javaorg.eclipse.jdt.core.compiler.InvalidInputException: Invalid_Char_In_String
	at org.eclipse.jdt.internal.core.util.PublicScanner.getNextToken(PublicScanner.java:1564)
	at scala.meta.internal.parsing.JavaTokens$.loop$1(JavaTokens.scala:71)
	at scala.meta.internal.parsing.JavaTokens$.$anonfun$tokenize$1(JavaTokens.scala:75)
	at scala.util.Try$.apply(Try.scala:210)
	at scala.meta.internal.parsing.JavaTokens$.tokenize(JavaTokens.scala:35)
	at scala.meta.internal.parsing.TokenEditDistance$.apply(TokenEditDistance.scala:370)
	at scala.meta.internal.metals.Buffers.tokenEditDistance(Buffers.scala:30)
	at scala.meta.internal.metals.DefinitionProvider.positionOccurrenceQuery(DefinitionProvider.scala:169)
	at scala.meta.internal.metals.DefinitionProvider.positionOccurrence(DefinitionProvider.scala:198)
	at scala.meta.internal.metals.JavaDocumentHighlightProvider.$anonfun$documentHighlight$1(JavaDocumentHighlightProvider.scala:26)
	at scala.collection.immutable.List.map(List.scala:246)
	at scala.meta.internal.metals.JavaDocumentHighlightProvider.documentHighlight(JavaDocumentHighlightProvider.scala:22)
	at scala.meta.internal.metals.MetalsLanguageServer.$anonfun$documentHighlights$1(MetalsLanguageServer.scala:1577)
	at scala.meta.internal.metals.CancelTokens$.$anonfun$apply$2(CancelTokens.scala:26)
	at scala.concurrent.Future$.$anonfun$apply$1(Future.scala:678)
	at scala.concurrent.impl.Promise$Transformation.run(Promise.scala:467)
	at java.util.concurrent.ThreadPoolExecutor.runWorker(ThreadPoolExecutor.java:1136)
	at java.util.concurrent.ThreadPoolExecutor$Worker.run(ThreadPoolExecutor.java:635)
	at java.lang.Thread.run(Thread.java:833)

2023.01.11 07:57:49 WARN  Cannot tokenize Java file file:///workspaces/playground/wasm-latency/index.javaorg.eclipse.jdt.core.compiler.InvalidInputException: Invalid_Char_In_String
	at org.eclipse.jdt.internal.core.util.PublicScanner.getNextToken(PublicScanner.java:1564)
	at scala.meta.internal.parsing.JavaTokens$.loop$1(JavaTokens.scala:71)
	at scala.meta.internal.parsing.JavaTokens$.$anonfun$tokenize$1(JavaTokens.scala:75)
	at scala.util.Try$.apply(Try.scala:210)
	at scala.meta.internal.parsing.JavaTokens$.tokenize(JavaTokens.scala:35)
	at scala.meta.internal.parsing.TokenEditDistance$.apply(TokenEditDistance.scala:370)
	at scala.meta.internal.metals.Diagnostics.publishDiagnostics(Diagnostics.scala:226)
	at scala.meta.internal.metals.Diagnostics.publishDiagnostics(Diagnostics.scala:188)
	at scala.meta.internal.metals.Diagnostics.didChange(Diagnostics.scala:136)
	at scala.meta.internal.metals.MetalsLanguageServer.didChange(MetalsLanguageServer.scala:1275)
	at jdk.internal.reflect.GeneratedMethodAccessor1.invoke(null)
	at jdk.internal.reflect.DelegatingMethodAccessorImpl.invoke(DelegatingMethodAccessorImpl.java:43)
	at java.lang.reflect.Method.invoke(Method.java:568)
	at org.eclipse.lsp4j.jsonrpc.services.GenericEndpoint.lambda$null$0(GenericEndpoint.java:65)
	at org.eclipse.lsp4j.jsonrpc.services.GenericEndpoint.notify(GenericEndpoint.java:152)
	at org.eclipse.lsp4j.jsonrpc.RemoteEndpoint.handleNotification(RemoteEndpoint.java:220)
	at org.eclipse.lsp4j.jsonrpc.RemoteEndpoint.consume(RemoteEndpoint.java:187)
	at org.eclipse.lsp4j.jsonrpc.json.StreamMessageProducer.handleMessage(StreamMessageProducer.java:194)
	at org.eclipse.lsp4j.jsonrpc.json.StreamMessageProducer.listen(StreamMessageProducer.java:94)
	at org.eclipse.lsp4j.jsonrpc.json.ConcurrentMessageProcessor.run(ConcurrentMessageProcessor.java:113)
	at java.util.concurrent.Executors$RunnableAdapter.call(Executors.java:539)
	at java.util.concurrent.FutureTask.run(FutureTask.java:264)
	at java.util.concurrent.ThreadPoolExecutor.runWorker(ThreadPoolExecutor.java:1136)
	at java.util.concurrent.ThreadPoolExecutor$Worker.run(ThreadPoolExecutor.java:635)
	at java.lang.Thread.run(Thread.java:833)

2023.01.11 07:57:49 WARN  Cannot tokenize Java file file:///workspaces/playground/wasm-latency/index.javaorg.eclipse.jdt.core.compiler.InvalidInputException: Invalid_Char_In_String
	at org.eclipse.jdt.internal.core.util.PublicScanner.getNextToken(PublicScanner.java:1564)
	at scala.meta.internal.parsing.JavaTokens$.loop$1(JavaTokens.scala:71)
	at scala.meta.internal.parsing.JavaTokens$.$anonfun$tokenize$1(JavaTokens.scala:75)
	at scala.util.Try$.apply(Try.scala:210)
	at scala.meta.internal.parsing.JavaTokens$.tokenize(JavaTokens.scala:35)
	at scala.meta.internal.parsing.TokenEditDistance$.apply(TokenEditDistance.scala:370)
	at scala.meta.internal.metals.Buffers.tokenEditDistance(Buffers.scala:30)
	at scala.meta.internal.metals.DefinitionProvider.positionOccurrenceQuery(DefinitionProvider.scala:169)
	at scala.meta.internal.metals.DefinitionProvider.positionOccurrence(DefinitionProvider.scala:198)
	at scala.meta.internal.metals.JavaDocumentHighlightProvider.$anonfun$documentHighlight$1(JavaDocumentHighlightProvider.scala:26)
	at scala.collection.immutable.List.map(List.scala:246)
	at scala.meta.internal.metals.JavaDocumentHighlightProvider.documentHighlight(JavaDocumentHighlightProvider.scala:22)
	at scala.meta.internal.metals.MetalsLanguageServer.$anonfun$documentHighlights$1(MetalsLanguageServer.scala:1577)
	at scala.meta.internal.metals.CancelTokens$.$anonfun$apply$2(CancelTokens.scala:26)
	at scala.concurrent.Future$.$anonfun$apply$1(Future.scala:678)
	at scala.concurrent.impl.Promise$Transformation.run(Promise.scala:467)
	at java.util.concurrent.ThreadPoolExecutor.runWorker(ThreadPoolExecutor.java:1136)
	at java.util.concurrent.ThreadPoolExecutor$Worker.run(ThreadPoolExecutor.java:635)
	at java.lang.Thread.run(Thread.java:833)

2023.01.11 07:57:49 WARN  Cannot tokenize Java file file:///workspaces/playground/wasm-latency/index.javaorg.eclipse.jdt.core.compiler.InvalidInputException: Invalid_Char_In_String
	at org.eclipse.jdt.internal.core.util.PublicScanner.getNextToken(PublicScanner.java:1564)
	at scala.meta.internal.parsing.JavaTokens$.loop$1(JavaTokens.scala:71)
	at scala.meta.internal.parsing.JavaTokens$.$anonfun$tokenize$1(JavaTokens.scala:75)
	at scala.util.Try$.apply(Try.scala:210)
	at scala.meta.internal.parsing.JavaTokens$.tokenize(JavaTokens.scala:35)
	at scala.meta.internal.parsing.TokenEditDistance$.apply(TokenEditDistance.scala:370)
	at scala.meta.internal.metals.Diagnostics.publishDiagnostics(Diagnostics.scala:226)
	at scala.meta.internal.metals.Diagnostics.publishDiagnostics(Diagnostics.scala:188)
	at scala.meta.internal.metals.Diagnostics.didChange(Diagnostics.scala:136)
	at scala.meta.internal.metals.MetalsLanguageServer.didChange(MetalsLanguageServer.scala:1275)
	at jdk.internal.reflect.GeneratedMethodAccessor1.invoke(null)
	at jdk.internal.reflect.DelegatingMethodAccessorImpl.invoke(DelegatingMethodAccessorImpl.java:43)
	at java.lang.reflect.Method.invoke(Method.java:568)
	at org.eclipse.lsp4j.jsonrpc.services.GenericEndpoint.lambda$null$0(GenericEndpoint.java:65)
	at org.eclipse.lsp4j.jsonrpc.services.GenericEndpoint.notify(GenericEndpoint.java:152)
	at org.eclipse.lsp4j.jsonrpc.RemoteEndpoint.handleNotification(RemoteEndpoint.java:220)
	at org.eclipse.lsp4j.jsonrpc.RemoteEndpoint.consume(RemoteEndpoint.java:187)
	at org.eclipse.lsp4j.jsonrpc.json.StreamMessageProducer.handleMessage(StreamMessageProducer.java:194)
	at org.eclipse.lsp4j.jsonrpc.json.StreamMessageProducer.listen(StreamMessageProducer.java:94)
	at org.eclipse.lsp4j.jsonrpc.json.ConcurrentMessageProcessor.run(ConcurrentMessageProcessor.java:113)
	at java.util.concurrent.Executors$RunnableAdapter.call(Executors.java:539)
	at java.util.concurrent.FutureTask.run(FutureTask.java:264)
	at java.util.concurrent.ThreadPoolExecutor.runWorker(ThreadPoolExecutor.java:1136)
	at java.util.concurrent.ThreadPoolExecutor$Worker.run(ThreadPoolExecutor.java:635)
	at java.lang.Thread.run(Thread.java:833)

2023.01.11 07:57:49 WARN  Cannot tokenize Java file file:///workspaces/playground/wasm-latency/index.javaorg.eclipse.jdt.core.compiler.InvalidInputException: Invalid_Char_In_String
	at org.eclipse.jdt.internal.core.util.PublicScanner.getNextToken(PublicScanner.java:1564)
	at scala.meta.internal.parsing.JavaTokens$.loop$1(JavaTokens.scala:71)
	at scala.meta.internal.parsing.JavaTokens$.$anonfun$tokenize$1(JavaTokens.scala:75)
	at scala.util.Try$.apply(Try.scala:210)
	at scala.meta.internal.parsing.JavaTokens$.tokenize(JavaTokens.scala:35)
	at scala.meta.internal.parsing.TokenEditDistance$.apply(TokenEditDistance.scala:370)
	at scala.meta.internal.metals.Buffers.tokenEditDistance(Buffers.scala:30)
	at scala.meta.internal.metals.DefinitionProvider.positionOccurrenceQuery(DefinitionProvider.scala:169)
	at scala.meta.internal.metals.DefinitionProvider.positionOccurrence(DefinitionProvider.scala:198)
	at scala.meta.internal.metals.JavaDocumentHighlightProvider.$anonfun$documentHighlight$1(JavaDocumentHighlightProvider.scala:26)
	at scala.collection.immutable.List.map(List.scala:246)
	at scala.meta.internal.metals.JavaDocumentHighlightProvider.documentHighlight(JavaDocumentHighlightProvider.scala:22)
	at scala.meta.internal.metals.MetalsLanguageServer.$anonfun$documentHighlights$1(MetalsLanguageServer.scala:1577)
	at scala.meta.internal.metals.CancelTokens$.$anonfun$apply$2(CancelTokens.scala:26)
	at scala.concurrent.Future$.$anonfun$apply$1(Future.scala:678)
	at scala.concurrent.impl.Promise$Transformation.run(Promise.scala:467)
	at java.util.concurrent.ThreadPoolExecutor.runWorker(ThreadPoolExecutor.java:1136)
	at java.util.concurrent.ThreadPoolExecutor$Worker.run(ThreadPoolExecutor.java:635)
	at java.lang.Thread.run(Thread.java:833)

Jan 11, 2023 7:57:49 AM org.eclipse.lsp4j.jsonrpc.RemoteEndpoint handleCancellation
WARNING: Unmatched cancel notification for request id 767
2023.01.11 07:57:49 WARN  Cannot tokenize Java file file:///workspaces/playground/wasm-latency/index.javaorg.eclipse.jdt.core.compiler.InvalidInputException: Invalid_Char_In_String
	at org.eclipse.jdt.internal.core.util.PublicScanner.getNextToken(PublicScanner.java:1564)
	at scala.meta.internal.parsing.JavaTokens$.loop$1(JavaTokens.scala:71)
	at scala.meta.internal.parsing.JavaTokens$.$anonfun$tokenize$1(JavaTokens.scala:75)
	at scala.util.Try$.apply(Try.scala:210)
	at scala.meta.internal.parsing.JavaTokens$.tokenize(JavaTokens.scala:35)
	at scala.meta.internal.parsing.TokenEditDistance$.apply(TokenEditDistance.scala:370)
	at scala.meta.internal.metals.Diagnostics.publishDiagnostics(Diagnostics.scala:226)
	at scala.meta.internal.metals.Diagnostics.publishDiagnostics(Diagnostics.scala:188)
	at scala.meta.internal.metals.Diagnostics.didChange(Diagnostics.scala:136)
	at scala.meta.internal.metals.MetalsLanguageServer.didChange(MetalsLanguageServer.scala:1275)
	at jdk.internal.reflect.GeneratedMethodAccessor1.invoke(null)
	at jdk.internal.reflect.DelegatingMethodAccessorImpl.invoke(DelegatingMethodAccessorImpl.java:43)
	at java.lang.reflect.Method.invoke(Method.java:568)
	at org.eclipse.lsp4j.jsonrpc.services.GenericEndpoint.lambda$null$0(GenericEndpoint.java:65)
	at org.eclipse.lsp4j.jsonrpc.services.GenericEndpoint.notify(GenericEndpoint.java:152)
	at org.eclipse.lsp4j.jsonrpc.RemoteEndpoint.handleNotification(RemoteEndpoint.java:220)
	at org.eclipse.lsp4j.jsonrpc.RemoteEndpoint.consume(RemoteEndpoint.java:187)
	at org.eclipse.lsp4j.jsonrpc.json.StreamMessageProducer.handleMessage(StreamMessageProducer.java:194)
	at org.eclipse.lsp4j.jsonrpc.json.StreamMessageProducer.listen(StreamMessageProducer.java:94)
	at org.eclipse.lsp4j.jsonrpc.json.ConcurrentMessageProcessor.run(ConcurrentMessageProcessor.java:113)
	at java.util.concurrent.Executors$RunnableAdapter.call(Executors.java:539)
	at java.util.concurrent.FutureTask.run(FutureTask.java:264)
	at java.util.concurrent.ThreadPoolExecutor.runWorker(ThreadPoolExecutor.java:1136)
	at java.util.concurrent.ThreadPoolExecutor$Worker.run(ThreadPoolExecutor.java:635)
	at java.lang.Thread.run(Thread.java:833)

2023.01.11 07:57:49 WARN  Cannot tokenize Java file file:///workspaces/playground/wasm-latency/index.javaorg.eclipse.jdt.core.compiler.InvalidInputException: Invalid_Char_In_String
	at org.eclipse.jdt.internal.core.util.PublicScanner.getNextToken(PublicScanner.java:1564)
	at scala.meta.internal.parsing.JavaTokens$.loop$1(JavaTokens.scala:71)
	at scala.meta.internal.parsing.JavaTokens$.$anonfun$tokenize$1(JavaTokens.scala:75)
	at scala.util.Try$.apply(Try.scala:210)
	at scala.meta.internal.parsing.JavaTokens$.tokenize(JavaTokens.scala:35)
	at scala.meta.internal.parsing.TokenEditDistance$.apply(TokenEditDistance.scala:370)
	at scala.meta.internal.metals.Buffers.tokenEditDistance(Buffers.scala:30)
	at scala.meta.internal.metals.DefinitionProvider.positionOccurrenceQuery(DefinitionProvider.scala:169)
	at scala.meta.internal.metals.DefinitionProvider.positionOccurrence(DefinitionProvider.scala:198)
	at scala.meta.internal.metals.JavaDocumentHighlightProvider.$anonfun$documentHighlight$1(JavaDocumentHighlightProvider.scala:26)
	at scala.collection.immutable.List.map(List.scala:246)
	at scala.meta.internal.metals.JavaDocumentHighlightProvider.documentHighlight(JavaDocumentHighlightProvider.scala:22)
	at scala.meta.internal.metals.MetalsLanguageServer.$anonfun$documentHighlights$1(MetalsLanguageServer.scala:1577)
	at scala.meta.internal.metals.CancelTokens$.$anonfun$apply$2(CancelTokens.scala:26)
	at scala.concurrent.Future$.$anonfun$apply$1(Future.scala:678)
	at scala.concurrent.impl.Promise$Transformation.run(Promise.scala:467)
	at java.util.concurrent.ThreadPoolExecutor.runWorker(ThreadPoolExecutor.java:1136)
	at java.util.concurrent.ThreadPoolExecutor$Worker.run(ThreadPoolExecutor.java:635)
	at java.lang.Thread.run(Thread.java:833)

2023.01.11 07:57:51 WARN  no build target for: /workspaces/playground/wasm-latency/index.java
2023.01.11 07:58:13 WARN  no build target for: /workspaces/playground/wasm-latency/index.java
Jan 11, 2023 7:58:31 AM org.eclipse.lsp4j.jsonrpc.RemoteEndpoint handleCancellation
WARNING: Unmatched cancel notification for request id 913
2023.01.11 07:58:33 WARN  no build target for: /workspaces/playground/wasm-latency/index.java
Jan 11, 2023 7:58:59 AM org.eclipse.lsp4j.jsonrpc.RemoteEndpoint handleCancellation
WARNING: Unmatched cancel notification for request id 1036
2023.01.11 07:59:10 WARN  no build target for: /workspaces/playground/wasm-latency/index.java
2023.01.11 07:59:23 WARN  no build target for: /workspaces/playground/wasm-latency/index.java
2023.01.11 08:01:01 WARN  no build target for: /workspaces/playground/wasm-latency/index.java
2023.01.11 08:01:01 WARN  Running javac-semanticdb failed for file:///workspaces/playground/wasm-latency/index.java. Output:
/workspaces/playground/wasm-latency/index.java:16: error: ';' expected
		module.execute()
		                ^
1 error
2023.01.11 08:01:02 WARN  no build target for: /workspaces/playground/wasm-latency/index.java
Jan 11, 2023 8:01:30 AM org.eclipse.lsp4j.jsonrpc.RemoteEndpoint handleCancellation
WARNING: Unmatched cancel notification for request id 1225
Jan 11, 2023 8:01:34 AM org.eclipse.lsp4j.jsonrpc.RemoteEndpoint handleCancellation
WARNING: Unmatched cancel notification for request id 1240
Jan 11, 2023 8:01:36 AM org.eclipse.lsp4j.jsonrpc.RemoteEndpoint handleCancellation
WARNING: Unmatched cancel notification for request id 1252
Jan 11, 2023 8:01:43 AM org.eclipse.lsp4j.jsonrpc.RemoteEndpoint handleCancellation
WARNING: Unmatched cancel notification for request id 1280
Jan 11, 2023 8:01:43 AM org.eclipse.lsp4j.jsonrpc.RemoteEndpoint handleCancellation
WARNING: Unmatched cancel notification for request id 1282
2023.01.11 08:01:51 WARN  no build target for: /workspaces/playground/wasm-latency/index.java
2023.01.11 08:01:51 WARN  Running javac-semanticdb failed for file:///workspaces/playground/wasm-latency/index.java. Output:
/workspaces/playground/wasm-latency/index.java:9: error: ';' expected
        var engine = Engine
                           ^
1 error
Jan 11, 2023 8:02:00 AM org.eclipse.lsp4j.jsonrpc.RemoteEndpoint handleCancellation
WARNING: Unmatched cancel notification for request id 1317
Jan 11, 2023 8:02:00 AM org.eclipse.lsp4j.jsonrpc.RemoteEndpoint handleCancellation
WARNING: Unmatched cancel notification for request id 1318
Jan 11, 2023 8:02:00 AM org.eclipse.lsp4j.jsonrpc.RemoteEndpoint handleCancellation
WARNING: Unmatched cancel notification for request id 1319
2023.01.11 08:02:06 WARN  no build target for: /workspaces/playground/wasm-latency/index.java
Jan 11, 2023 8:02:07 AM org.eclipse.lsp4j.jsonrpc.RemoteEndpoint handleCancellation
WARNING: Unmatched cancel notification for request id 1345
Jan 11, 2023 8:02:17 AM org.eclipse.lsp4j.jsonrpc.RemoteEndpoint handleCancellation
WARNING: Unmatched cancel notification for request id 1361
2023.01.11 08:02:20 WARN  no build target for: /workspaces/playground/wasm-latency/index.java
2023.01.11 08:02:24 WARN  no build target for: /workspaces/playground/wasm-latency/index.java
2023.01.11 08:03:24 WARN  no build target for: /workspaces/playground/wasm-latency/index.java
2023.01.11 08:03:39 WARN  no build target for: /workspaces/playground/wasm-latency/index.java
2023.01.11 08:03:58 WARN  Cannot tokenize Java file file:///workspaces/playground/wasm-latency/index.javaorg.eclipse.jdt.core.compiler.InvalidInputException: Invalid_Char_In_String
	at org.eclipse.jdt.internal.core.util.PublicScanner.getNextToken(PublicScanner.java:1564)
	at scala.meta.internal.parsing.JavaTokens$.loop$1(JavaTokens.scala:71)
	at scala.meta.internal.parsing.JavaTokens$.$anonfun$tokenize$1(JavaTokens.scala:75)
	at scala.util.Try$.apply(Try.scala:210)
	at scala.meta.internal.parsing.JavaTokens$.tokenize(JavaTokens.scala:35)
	at scala.meta.internal.parsing.TokenEditDistance$.apply(TokenEditDistance.scala:370)
	at scala.meta.internal.metals.Diagnostics.publishDiagnostics(Diagnostics.scala:226)
	at scala.meta.internal.metals.Diagnostics.publishDiagnostics(Diagnostics.scala:188)
	at scala.meta.internal.metals.Diagnostics.didChange(Diagnostics.scala:136)
	at scala.meta.internal.metals.MetalsLanguageServer.didChange(MetalsLanguageServer.scala:1275)
	at jdk.internal.reflect.GeneratedMethodAccessor1.invoke(null)
	at jdk.internal.reflect.DelegatingMethodAccessorImpl.invoke(DelegatingMethodAccessorImpl.java:43)
	at java.lang.reflect.Method.invoke(Method.java:568)
	at org.eclipse.lsp4j.jsonrpc.services.GenericEndpoint.lambda$null$0(GenericEndpoint.java:65)
	at org.eclipse.lsp4j.jsonrpc.services.GenericEndpoint.notify(GenericEndpoint.java:152)
	at org.eclipse.lsp4j.jsonrpc.RemoteEndpoint.handleNotification(RemoteEndpoint.java:220)
	at org.eclipse.lsp4j.jsonrpc.RemoteEndpoint.consume(RemoteEndpoint.java:187)
	at org.eclipse.lsp4j.jsonrpc.json.StreamMessageProducer.handleMessage(StreamMessageProducer.java:194)
	at org.eclipse.lsp4j.jsonrpc.json.StreamMessageProducer.listen(StreamMessageProducer.java:94)
	at org.eclipse.lsp4j.jsonrpc.json.ConcurrentMessageProcessor.run(ConcurrentMessageProcessor.java:113)
	at java.util.concurrent.Executors$RunnableAdapter.call(Executors.java:539)
	at java.util.concurrent.FutureTask.run(FutureTask.java:264)
	at java.util.concurrent.ThreadPoolExecutor.runWorker(ThreadPoolExecutor.java:1136)
	at java.util.concurrent.ThreadPoolExecutor$Worker.run(ThreadPoolExecutor.java:635)
	at java.lang.Thread.run(Thread.java:833)

2023.01.11 08:03:58 WARN  Cannot tokenize Java file file:///workspaces/playground/wasm-latency/index.javaorg.eclipse.jdt.core.compiler.InvalidInputException: Invalid_Char_In_String
	at org.eclipse.jdt.internal.core.util.PublicScanner.getNextToken(PublicScanner.java:1564)
	at scala.meta.internal.parsing.JavaTokens$.loop$1(JavaTokens.scala:71)
	at scala.meta.internal.parsing.JavaTokens$.$anonfun$tokenize$1(JavaTokens.scala:75)
	at scala.util.Try$.apply(Try.scala:210)
	at scala.meta.internal.parsing.JavaTokens$.tokenize(JavaTokens.scala:35)
	at scala.meta.internal.parsing.TokenEditDistance$.apply(TokenEditDistance.scala:370)
	at scala.meta.internal.metals.Buffers.tokenEditDistance(Buffers.scala:30)
	at scala.meta.internal.metals.DefinitionProvider.positionOccurrenceQuery(DefinitionProvider.scala:169)
	at scala.meta.internal.metals.DefinitionProvider.positionOccurrence(DefinitionProvider.scala:198)
	at scala.meta.internal.metals.JavaDocumentHighlightProvider.$anonfun$documentHighlight$1(JavaDocumentHighlightProvider.scala:26)
	at scala.collection.immutable.List.map(List.scala:246)
	at scala.meta.internal.metals.JavaDocumentHighlightProvider.documentHighlight(JavaDocumentHighlightProvider.scala:22)
	at scala.meta.internal.metals.MetalsLanguageServer.$anonfun$documentHighlights$1(MetalsLanguageServer.scala:1577)
	at scala.meta.internal.metals.CancelTokens$.$anonfun$apply$2(CancelTokens.scala:26)
	at scala.concurrent.Future$.$anonfun$apply$1(Future.scala:678)
	at scala.concurrent.impl.Promise$Transformation.run(Promise.scala:467)
	at java.util.concurrent.ThreadPoolExecutor.runWorker(ThreadPoolExecutor.java:1136)
	at java.util.concurrent.ThreadPoolExecutor$Worker.run(ThreadPoolExecutor.java:635)
	at java.lang.Thread.run(Thread.java:833)

2023.01.11 08:03:58 WARN  Cannot tokenize Java file file:///workspaces/playground/wasm-latency/index.javaorg.eclipse.jdt.core.compiler.InvalidInputException: Invalid_Char_In_String
	at org.eclipse.jdt.internal.core.util.PublicScanner.getNextToken(PublicScanner.java:1564)
	at scala.meta.internal.parsing.JavaTokens$.loop$1(JavaTokens.scala:71)
	at scala.meta.internal.parsing.JavaTokens$.$anonfun$tokenize$1(JavaTokens.scala:75)
	at scala.util.Try$.apply(Try.scala:210)
	at scala.meta.internal.parsing.JavaTokens$.tokenize(JavaTokens.scala:35)
	at scala.meta.internal.parsing.TokenEditDistance$.apply(TokenEditDistance.scala:370)
	at scala.meta.internal.metals.Diagnostics.publishDiagnostics(Diagnostics.scala:226)
	at scala.meta.internal.metals.Diagnostics.publishDiagnostics(Diagnostics.scala:188)
	at scala.meta.internal.metals.Diagnostics.didChange(Diagnostics.scala:136)
	at scala.meta.internal.metals.MetalsLanguageServer.didChange(MetalsLanguageServer.scala:1275)
	at jdk.internal.reflect.GeneratedMethodAccessor1.invoke(null)
	at jdk.internal.reflect.DelegatingMethodAccessorImpl.invoke(DelegatingMethodAccessorImpl.java:43)
	at java.lang.reflect.Method.invoke(Method.java:568)
	at org.eclipse.lsp4j.jsonrpc.services.GenericEndpoint.lambda$null$0(GenericEndpoint.java:65)
	at org.eclipse.lsp4j.jsonrpc.services.GenericEndpoint.notify(GenericEndpoint.java:152)
	at org.eclipse.lsp4j.jsonrpc.RemoteEndpoint.handleNotification(RemoteEndpoint.java:220)
	at org.eclipse.lsp4j.jsonrpc.RemoteEndpoint.consume(RemoteEndpoint.java:187)
	at org.eclipse.lsp4j.jsonrpc.json.StreamMessageProducer.handleMessage(StreamMessageProducer.java:194)
	at org.eclipse.lsp4j.jsonrpc.json.StreamMessageProducer.listen(StreamMessageProducer.java:94)
	at org.eclipse.lsp4j.jsonrpc.json.ConcurrentMessageProcessor.run(ConcurrentMessageProcessor.java:113)
	at java.util.concurrent.Executors$RunnableAdapter.call(Executors.java:539)
	at java.util.concurrent.FutureTask.run(FutureTask.java:264)
	at java.util.concurrent.ThreadPoolExecutor.runWorker(ThreadPoolExecutor.java:1136)
	at java.util.concurrent.ThreadPoolExecutor$Worker.run(ThreadPoolExecutor.java:635)
	at java.lang.Thread.run(Thread.java:833)

2023.01.11 08:03:58 WARN  Cannot tokenize Java file file:///workspaces/playground/wasm-latency/index.javaorg.eclipse.jdt.core.compiler.InvalidInputException: Invalid_Char_In_String
	at org.eclipse.jdt.internal.core.util.PublicScanner.getNextToken(PublicScanner.java:1564)
	at scala.meta.internal.parsing.JavaTokens$.loop$1(JavaTokens.scala:71)
	at scala.meta.internal.parsing.JavaTokens$.$anonfun$tokenize$1(JavaTokens.scala:75)
	at scala.util.Try$.apply(Try.scala:210)
	at scala.meta.internal.parsing.JavaTokens$.tokenize(JavaTokens.scala:35)
	at scala.meta.internal.parsing.TokenEditDistance$.apply(TokenEditDistance.scala:370)
	at scala.meta.internal.metals.Buffers.tokenEditDistance(Buffers.scala:30)
	at scala.meta.internal.metals.DefinitionProvider.positionOccurrenceQuery(DefinitionProvider.scala:169)
	at scala.meta.internal.metals.DefinitionProvider.positionOccurrence(DefinitionProvider.scala:198)
	at scala.meta.internal.metals.JavaDocumentHighlightProvider.$anonfun$documentHighlight$1(JavaDocumentHighlightProvider.scala:26)
	at scala.collection.immutable.List.map(List.scala:246)
	at scala.meta.internal.metals.JavaDocumentHighlightProvider.documentHighlight(JavaDocumentHighlightProvider.scala:22)
	at scala.meta.internal.metals.MetalsLanguageServer.$anonfun$documentHighlights$1(MetalsLanguageServer.scala:1577)
	at scala.meta.internal.metals.CancelTokens$.$anonfun$apply$2(CancelTokens.scala:26)
	at scala.concurrent.Future$.$anonfun$apply$1(Future.scala:678)
	at scala.concurrent.impl.Promise$Transformation.run(Promise.scala:467)
	at java.util.concurrent.ThreadPoolExecutor.runWorker(ThreadPoolExecutor.java:1136)
	at java.util.concurrent.ThreadPoolExecutor$Worker.run(ThreadPoolExecutor.java:635)
	at java.lang.Thread.run(Thread.java:833)

2023.01.11 08:04:01 WARN  no build target for: /workspaces/playground/wasm-latency/index.java
2023.01.11 08:07:51 WARN  no build target for: /workspaces/playground/wasm-latency/index.java
2023.01.11 08:07:59 WARN  no build target for: /workspaces/playground/wasm-latency/index.java
2023.01.11 08:08:06 WARN  no build target for: /workspaces/playground/wasm-latency/index.java
Jan 11, 2023 8:11:48 AM org.eclipse.lsp4j.jsonrpc.RemoteEndpoint handleCancellation
WARNING: Unmatched cancel notification for request id 1618
2023.01.11 08:11:53 WARN  no build target for: /workspaces/playground/wasm-latency/index.java
Jan 11, 2023 8:14:45 AM org.eclipse.lsp4j.jsonrpc.RemoteEndpoint handleCancellation
WARNING: Unmatched cancel notification for request id 1701
Jan 11, 2023 8:14:53 AM org.eclipse.lsp4j.jsonrpc.RemoteEndpoint handleCancellation
WARNING: Unmatched cancel notification for request id 1740
2023.01.11 08:14:59 WARN  no build target for: /workspaces/playground/wasm-latency/index.java
2023.01.11 08:15:11 WARN  no build target for: /workspaces/playground/wasm-latency/index.java
2023.01.11 08:15:32 WARN  no build target for: /workspaces/playground/wasm-latency/index.java
2023.01.11 08:15:34 WARN  no build target for: /workspaces/playground/wasm-latency/index.java
2023.01.11 08:15:51 WARN  no build target for: /workspaces/playground/wasm-latency/index.java
Jan 11, 2023 8:17:54 AM org.eclipse.lsp4j.jsonrpc.RemoteEndpoint handleCancellation
WARNING: Unmatched cancel notification for request id 1871
Jan 11, 2023 8:17:54 AM org.eclipse.lsp4j.jsonrpc.RemoteEndpoint handleCancellation
WARNING: Unmatched cancel notification for request id 1872
2023.01.11 08:18:02 WARN  no build target for: /workspaces/playground/wasm-latency/index.java
2023.01.11 08:18:33 WARN  no build target for: /workspaces/playground/wasm-latency/index.java
2023.01.11 08:18:43 WARN  no build target for: /workspaces/playground/wasm-latency/index.java
2023.01.11 08:19:10 WARN  no build target for: /workspaces/playground/wasm-latency/index.java
2023.01.11 08:19:10 WARN  Running javac-semanticdb failed for file:///workspaces/playground/wasm-latency/index.java. Output:
/workspaces/playground/wasm-latency/index.java:15: error: '(' expected
    for 
       ^
/workspaces/playground/wasm-latency/index.java:16: error: illegal start of expression
		for (int i = 0; i < 10000; i++) {
		^
2 errors
2023.01.11 08:19:21 WARN  no build target for: /workspaces/playground/wasm-latency/index.java
2023.01.11 08:19:35 WARN  no build target for: /workspaces/playground/wasm-latency/index.java
Jan 11, 2023 8:20:10 AM org.eclipse.lsp4j.jsonrpc.RemoteEndpoint handleCancellation
WARNING: Unmatched cancel notification for request id 2059
Jan 11, 2023 8:20:13 AM org.eclipse.lsp4j.jsonrpc.RemoteEndpoint handleCancellation
WARNING: Unmatched cancel notification for request id 2065
2023.01.11 08:20:14 WARN  no build target for: /workspaces/playground/wasm-latency/index.java
2023.01.11 08:20:23 WARN  no build target for: /workspaces/playground/wasm-latency/index.java
2023.01.11 08:20:30 WARN  no build target for: /workspaces/playground/wasm-latency/index.java
2023.01.11 08:22:54 WARN  no build target for: /workspaces/playground/wasm-latency/index.java
2023.01.11 08:23:00 WARN  no build target for: /workspaces/playground/wasm-latency/index.java
2023.01.11 08:23:13 WARN  no build target for: /workspaces/playground/wasm-latency/index.java
Jan 11, 2023 8:23:14 AM org.eclipse.lsp4j.jsonrpc.RemoteEndpoint handleCancellation
WARNING: Unmatched cancel notification for request id 2172
2023.01.11 08:23:21 WARN  no build target for: /workspaces/playground/wasm-latency/index.java
2023.01.11 08:23:32 WARN  no build target for: /workspaces/playground/wasm-latency/index.java
2023.01.11 08:23:32 WARN  no build target for: /workspaces/playground/wasm-latency/index.java
2023.01.11 08:23:37 WARN  no build target for: /workspaces/playground/wasm-latency/index.java
Jan 11, 2023 8:26:02 AM org.eclipse.lsp4j.jsonrpc.RemoteEndpoint handleCancellation
WARNING: Unmatched cancel notification for request id 2262
Jan 11, 2023 8:26:02 AM org.eclipse.lsp4j.jsonrpc.RemoteEndpoint handleCancellation
WARNING: Unmatched cancel notification for request id 2265
Jan 11, 2023 8:26:02 AM org.eclipse.lsp4j.jsonrpc.RemoteEndpoint handleCancellation
WARNING: Unmatched cancel notification for request id 2266
Jan 11, 2023 8:26:02 AM org.eclipse.lsp4j.jsonrpc.RemoteEndpoint handleCancellation
WARNING: Unmatched cancel notification for request id 2267
Jan 11, 2023 8:26:02 AM org.eclipse.lsp4j.jsonrpc.RemoteEndpoint handleCancellation
WARNING: Unmatched cancel notification for request id 2268
Jan 11, 2023 8:26:06 AM org.eclipse.lsp4j.jsonrpc.RemoteEndpoint handleCancellation
WARNING: Unmatched cancel notification for request id 2286
Jan 11, 2023 8:26:06 AM org.eclipse.lsp4j.jsonrpc.RemoteEndpoint handleCancellation
WARNING: Unmatched cancel notification for request id 2288
Jan 11, 2023 8:26:06 AM org.eclipse.lsp4j.jsonrpc.RemoteEndpoint handleCancellation
WARNING: Unmatched cancel notification for request id 2289
Jan 11, 2023 8:26:06 AM org.eclipse.lsp4j.jsonrpc.RemoteEndpoint handleCancellation
WARNING: Unmatched cancel notification for request id 2290
Jan 11, 2023 8:26:06 AM org.eclipse.lsp4j.jsonrpc.RemoteEndpoint handleCancellation
WARNING: Unmatched cancel notification for request id 2291
Jan 11, 2023 8:26:06 AM org.eclipse.lsp4j.jsonrpc.RemoteEndpoint handleCancellation
WARNING: Unmatched cancel notification for request id 2292
Jan 11, 2023 8:26:06 AM org.eclipse.lsp4j.jsonrpc.RemoteEndpoint handleCancellation
WARNING: Unmatched cancel notification for request id 2293
2023.01.11 08:26:11 WARN  no build target for: /workspaces/playground/wasm-latency/index.java
2023.01.11 08:26:34 WARN  no build target for: /workspaces/playground/wasm-latency/index.java
2023.01.11 08:26:35 WARN  Running javac-semanticdb failed for file:///workspaces/playground/wasm-latency/index.java. Output:
/workspaces/playground/wasm-latency/index.java:16: error: ')' expected
            using (var context = Context.newBuilder().engine(engine).build()) {
                      ^
/workspaces/playground/wasm-latency/index.java:16: error: ';' expected
            using (var context = Context.newBuilder().engine(engine).build()) {
                                                                            ^
2 errors
2023.01.11 08:26:45 WARN  no build target for: /workspaces/playground/wasm-latency/index.java
2023.01.11 08:26:45 WARN  Running javac-semanticdb failed for file:///workspaces/playground/wasm-latency/index.java. Output:
/workspaces/playground/wasm-latency/index.java:16: error: ')' expected
            using (var context = Context.newBuilder().engine(engine).build()) {
                      ^
/workspaces/playground/wasm-latency/index.java:16: error: ';' expected
            using (var context = Context.newBuilder().engine(engine).build()) {
                                                                            ^
/workspaces/playground/wasm-latency/index.java:27: error: ')' expected
            using (var context = Context.newBuilder().engine(engine).build()) {
                      ^
/workspaces/playground/wasm-latency/index.java:27: error: ';' expected
            using (var context = Context.newBuilder().engine(engine).build()) {
                                                                            ^
4 errors
2023.01.11 08:30:36 WARN  Running javac-semanticdb failed for file:///workspaces/playground/wasm-latency/index.java. Output:
/workspaces/playground/wasm-latency/index.java:27: error: ')' expected
            using (var context = Context.newBuilder().engine(engine).build()) {
                      ^
/workspaces/playground/wasm-latency/index.java:27: error: ';' expected
            using (var context = Context.newBuilder().engine(engine).build()) {
                                                                            ^
2 errors
2023.01.11 08:30:36 WARN  no build target for: /workspaces/playground/wasm-latency/index.java
Jan 11, 2023 8:30:36 AM org.eclipse.lsp4j.jsonrpc.RemoteEndpoint handleCancellation
WARNING: Unmatched cancel notification for request id 2423
2023.01.11 08:30:39 WARN  no build target for: /workspaces/playground/wasm-latency/index.java
2023.01.11 08:30:56 WARN  no build target for: /workspaces/playground/wasm-latency/index.java
2023.01.11 08:32:18 WARN  no build target for: /workspaces/playground/wasm-latency/index.java
2023.01.11 08:32:20 WARN  no build target for: /workspaces/playground/wasm-latency/index.java
Jan 11, 2023 8:34:56 AM org.eclipse.lsp4j.jsonrpc.RemoteEndpoint handleCancellation
WARNING: Unmatched cancel notification for request id 2531
Jan 11, 2023 8:34:56 AM org.eclipse.lsp4j.jsonrpc.RemoteEndpoint handleCancellation
WARNING: Unmatched cancel notification for request id 2532
Jan 11, 2023 8:35:00 AM org.eclipse.lsp4j.jsonrpc.RemoteEndpoint handleCancellation
WARNING: Unmatched cancel notification for request id 2553
Jan 11, 2023 8:35:00 AM org.eclipse.lsp4j.jsonrpc.RemoteEndpoint handleCancellation
WARNING: Unmatched cancel notification for request id 2555
Jan 11, 2023 8:35:00 AM org.eclipse.lsp4j.jsonrpc.RemoteEndpoint handleCancellation
WARNING: Unmatched cancel notification for request id 2556
2023.01.11 08:35:03 WARN  no build target for: /workspaces/playground/wasm-latency/index.java
2023.01.11 08:35:19 WARN  no build target for: /workspaces/playground/wasm-latency/index.java
Jan 11, 2023 8:45:22 AM org.eclipse.lsp4j.jsonrpc.RemoteEndpoint handleCancellation
WARNING: Unmatched cancel notification for request id 2616
Jan 11, 2023 8:45:22 AM org.eclipse.lsp4j.jsonrpc.RemoteEndpoint handleCancellation
WARNING: Unmatched cancel notification for request id 2617
Jan 11, 2023 8:45:26 AM org.eclipse.lsp4j.jsonrpc.RemoteEndpoint handleCancellation
WARNING: Unmatched cancel notification for request id 2672
Jan 11, 2023 8:45:26 AM org.eclipse.lsp4j.jsonrpc.RemoteEndpoint handleCancellation
WARNING: Unmatched cancel notification for request id 2673
Jan 11, 2023 8:45:26 AM org.eclipse.lsp4j.jsonrpc.RemoteEndpoint handleCancellation
WARNING: Unmatched cancel notification for request id 2674
Jan 11, 2023 8:45:26 AM org.eclipse.lsp4j.jsonrpc.RemoteEndpoint handleCancellation
WARNING: Unmatched cancel notification for request id 2675
Jan 11, 2023 8:45:26 AM org.eclipse.lsp4j.jsonrpc.RemoteEndpoint handleCancellation
WARNING: Unmatched cancel notification for request id 2676
Jan 11, 2023 8:45:26 AM org.eclipse.lsp4j.jsonrpc.RemoteEndpoint handleCancellation
WARNING: Unmatched cancel notification for request id 2677
Jan 11, 2023 8:45:26 AM org.eclipse.lsp4j.jsonrpc.RemoteEndpoint handleCancellation
WARNING: Unmatched cancel notification for request id 2678
Jan 11, 2023 8:45:26 AM org.eclipse.lsp4j.jsonrpc.RemoteEndpoint handleCancellation
WARNING: Unmatched cancel notification for request id 2679
Jan 11, 2023 8:45:26 AM org.eclipse.lsp4j.jsonrpc.RemoteEndpoint handleCancellation
WARNING: Unmatched cancel notification for request id 2680
Jan 11, 2023 8:45:26 AM org.eclipse.lsp4j.jsonrpc.RemoteEndpoint handleCancellation
WARNING: Unmatched cancel notification for request id 2681
Jan 11, 2023 8:45:26 AM org.eclipse.lsp4j.jsonrpc.RemoteEndpoint handleCancellation
WARNING: Unmatched cancel notification for request id 2688
2023.01.11 08:45:31 WARN  no build target for: /workspaces/playground/wasm-latency/index.java
2023.01.11 08:45:31 WARN  Running javac-semanticdb failed for file:///workspaces/playground/wasm-latency/index.java. Output:
/workspaces/playground/wasm-latency/index.java:40: error: ';' expected
			var context = Context.newBuilder().engine(engine).build() 
			                                                         ^
1 error
2023.01.11 08:45:35 WARN  no build target for: /workspaces/playground/wasm-latency/index.java
2023.01.11 08:45:38 WARN  no build target for: /workspaces/playground/wasm-latency/index.java
Jan 11, 2023 8:47:17 AM org.eclipse.lsp4j.jsonrpc.services.GenericEndpoint notify
INFO: Unsupported notification method: $/setTrace
